["2024-09-16T08:28:46.146", "DEBUG", "ubuntupro.config", "parse_config", 491, "Using client configuration file at /etc/ubuntu-advantage/uaclient.conf", {}]
["2024-09-16T08:28:46.148", "DEBUG", "ubuntupro.system", "load_file", 522, "Reading file: /etc/ubuntu-advantage/uaclient.conf", {}]
["2024-09-16T08:28:46.148", "DEBUG", "ubuntupro.files.files", "read", 67, "Tried to load /var/lib/ubuntu-advantage/user-config.json but file does not exist", {}]
["2024-09-16T08:28:46.154", "DEBUG", "ubuntupro.http", "configure_web_proxy", 146, "Setting no_proxy: 169.254.169.254,[fd00:ec2::254],metadata", {}]
["2024-09-16T08:28:46.154", "DEBUG", "ubuntupro.http", "configure_web_proxy", 154, "Setting global proxy dict", {}]
["2024-09-16T08:28:46.154", "DEBUG", "ubuntupro.cli", "main", 1428, "Executed with sys.argv: ['/bin/ua', 'api', 'u.pro.attach.magic.initiate.v1']", {}]
["2024-09-16T08:28:46.155", "DEBUG", "ubuntupro.http", "readurl", 345, "URL [POST]: https://contracts.canonical.com/v1/magic-attach, headers: {'accept': 'application/json', 'content-type': 'application/json', 'user-agent': 'UA-Client/32.3.1~24.04'}, data: None", {}]
["2024-09-16T08:28:46.155", "DEBUG", "ubuntupro.http", "should_use_pycurl", 208, "Should use pycurl: False", {}]
["2024-09-16T08:28:46.295", "DEBUG", "ubuntupro.http", "readurl", 385, "URL [POST] response: https://contracts.canonical.com/v1/magic-attach, headers: {'accept-ranges': 'bytes', 'cache-control': 'no-store, max-age=0', 'connection': 'close', 'content-length': '115', 'content-type': 'application/json', 'date': 'Mon, 16 Sep 2024 06:28:46 GMT', 'server': 'nginx/1.18.0 (Ubuntu)', 'strict-transport-security': 'max-age=15724800; includeSubDomains', 'x-cache-status': 'from content-cache-il3/1', 'x-trace-id': '61514b41-a623-4767-baec-2d563a90d5d3'}, data: {'expires': datetime.datetime(2024, 9, 16, 6, 38, 46, tzinfo=datetime.timezone.utc), 'expiresIn': 600, 'token': '<REDACTED>', 'userCode': '<REDACTED>'}", {}]
["2024-09-16T08:28:46.717", "DEBUG", "ubuntupro.config", "parse_config", 491, "Using client configuration file at /etc/ubuntu-advantage/uaclient.conf", {}]
["2024-09-16T08:28:46.719", "DEBUG", "ubuntupro.system", "load_file", 522, "Reading file: /etc/ubuntu-advantage/uaclient.conf", {}]
["2024-09-16T08:28:46.720", "DEBUG", "ubuntupro.files.files", "read", 67, "Tried to load /var/lib/ubuntu-advantage/user-config.json but file does not exist", {}]
["2024-09-16T08:28:46.725", "DEBUG", "ubuntupro.http", "configure_web_proxy", 146, "Setting no_proxy: 169.254.169.254,[fd00:ec2::254],metadata", {}]
["2024-09-16T08:28:46.726", "DEBUG", "ubuntupro.http", "configure_web_proxy", 154, "Setting global proxy dict", {}]
["2024-09-16T08:28:46.726", "DEBUG", "ubuntupro.cli", "main", 1428, "Executed with sys.argv: ['/bin/ua', 'api', 'u.pro.attach.magic.wait.v1', '--args', 'magic_token=<REDACTED>']", {}]
["2024-09-16T08:28:46.726", "DEBUG", "ubuntupro.http", "readurl", 345, "URL [GET]: https://contracts.canonical.com/v1/magic-attach, headers: {'Authorization': 'Bearer <REDACTED>', 'accept': 'application/json', 'content-type': 'application/json', 'user-agent': 'UA-Client/32.3.1~24.04'}, data: None", {}]
["2024-09-16T08:28:46.726", "DEBUG", "ubuntupro.http", "should_use_pycurl", 208, "Should use pycurl: False", {}]
["2024-09-16T08:28:46.823", "DEBUG", "ubuntupro.http", "readurl", 385, "URL [GET] response: https://contracts.canonical.com/v1/magic-attach, headers: {'accept-ranges': 'bytes', 'cache-control': 'no-store, max-age=0', 'connection': 'close', 'content-length': '115', 'content-type': 'application/json', 'date': 'Mon, 16 Sep 2024 06:28:46 GMT', 'server': 'nginx/1.18.0 (Ubuntu)', 'strict-transport-security': 'max-age=15724800; includeSubDomains', 'x-cache-status': 'MISS from content-cache-il3/1', 'x-trace-id': '50383236-0410-4037-8ca7-477c7eb363a4'}, data: {'expires': datetime.datetime(2024, 9, 16, 6, 38, 46, tzinfo=datetime.timezone.utc), 'expiresIn': 599, 'token': '<REDACTED>', 'userCode': '<REDACTED>'}", {}]
["2024-09-16T08:28:56.827", "DEBUG", "ubuntupro.http", "readurl", 345, "URL [GET]: https://contracts.canonical.com/v1/magic-attach, headers: {'Authorization': 'Bearer <REDACTED>', 'accept': 'application/json', 'content-type': 'application/json', 'user-agent': 'UA-Client/32.3.1~24.04'}, data: None", {}]
["2024-09-16T08:28:56.827", "DEBUG", "ubuntupro.http", "should_use_pycurl", 208, "Should use pycurl: False", {}]
["2024-09-16T08:28:56.907", "DEBUG", "ubuntupro.http", "readurl", 385, "URL [GET] response: https://contracts.canonical.com/v1/magic-attach, headers: {'accept-ranges': 'bytes', 'cache-control': 'no-store, max-age=0', 'connection': 'close', 'content-length': '115', 'content-type': 'application/json', 'date': 'Mon, 16 Sep 2024 06:28:56 GMT', 'server': 'nginx/1.18.0 (Ubuntu)', 'strict-transport-security': 'max-age=15724800; includeSubDomains', 'x-cache-status': 'MISS from content-cache-il3/4', 'x-trace-id': '074014f5-0bcd-4a89-b23f-bd7577982ceb'}, data: {'expires': datetime.datetime(2024, 9, 16, 6, 38, 46, tzinfo=datetime.timezone.utc), 'expiresIn': 589, 'token': '<REDACTED>', 'userCode': '<REDACTED>'}", {}]
["2024-09-16T08:29:06.909", "DEBUG", "ubuntupro.http", "readurl", 345, "URL [GET]: https://contracts.canonical.com/v1/magic-attach, headers: {'Authorization': 'Bearer <REDACTED>', 'accept': 'application/json', 'content-type': 'application/json', 'user-agent': 'UA-Client/32.3.1~24.04'}, data: None", {}]
["2024-09-16T08:29:06.910", "DEBUG", "ubuntupro.http", "should_use_pycurl", 208, "Should use pycurl: False", {}]
["2024-09-16T08:29:06.987", "DEBUG", "ubuntupro.http", "readurl", 385, "URL [GET] response: https://contracts.canonical.com/v1/magic-attach, headers: {'accept-ranges': 'bytes', 'cache-control': 'no-store, max-age=0', 'connection': 'close', 'content-length': '115', 'content-type': 'application/json', 'date': 'Mon, 16 Sep 2024 06:29:06 GMT', 'server': 'nginx/1.18.0 (Ubuntu)', 'strict-transport-security': 'max-age=15724800; includeSubDomains', 'x-cache-status': 'MISS from content-cache-il3/1', 'x-trace-id': 'cdcbb4d4-ce29-4775-ac83-8bbdd6b045e1'}, data: {'expires': datetime.datetime(2024, 9, 16, 6, 38, 46, tzinfo=datetime.timezone.utc), 'expiresIn': 579, 'token': '<REDACTED>', 'userCode': '<REDACTED>'}", {}]
["2024-09-16T08:29:16.988", "DEBUG", "ubuntupro.http", "readurl", 345, "URL [GET]: https://contracts.canonical.com/v1/magic-attach, headers: {'Authorization': 'Bearer <REDACTED>', 'accept': 'application/json', 'content-type': 'application/json', 'user-agent': 'UA-Client/32.3.1~24.04'}, data: None", {}]
["2024-09-16T08:29:16.988", "DEBUG", "ubuntupro.http", "should_use_pycurl", 208, "Should use pycurl: False", {}]
["2024-09-16T08:29:17.072", "DEBUG", "ubuntupro.http", "readurl", 385, "URL [GET] response: https://contracts.canonical.com/v1/magic-attach, headers: {'accept-ranges': 'bytes', 'cache-control': 'no-store, max-age=0', 'connection': 'close', 'content-length': '115', 'content-type': 'application/json', 'date': 'Mon, 16 Sep 2024 06:29:17 GMT', 'server': 'nginx/1.18.0 (Ubuntu)', 'strict-transport-security': 'max-age=15724800; includeSubDomains', 'x-cache-status': 'MISS from content-cache-il3/4', 'x-trace-id': '87b16705-ab4f-40ee-a63f-163269492723'}, data: {'expires': datetime.datetime(2024, 9, 16, 6, 38, 46, tzinfo=datetime.timezone.utc), 'expiresIn': 569, 'token': '<REDACTED>', 'userCode': '<REDACTED>'}", {}]
