2024-09-16 08:45:12.799 [info] Added views:workbench.panel.markers.view in workbench.panel.markers
2024-09-16 08:45:12.799 [info] Added views:workbench.panel.output in workbench.panel.output
2024-09-16 08:45:12.799 [info] Added views:terminal in terminal
2024-09-16 08:45:12.799 [info] Added views:outline in workbench.view.explorer
2024-09-16 08:45:12.799 [info] Added views:workbench.scm in workbench.view.scm
2024-09-16 08:45:12.799 [info] Added views:workbench.view.search in workbench.view.search
2024-09-16 08:45:12.799 [info] Added views:timeline in workbench.view.explorer
2024-09-16 08:45:12.799 [info] Added views:workbench.explorer.emptyView in workbench.view.explorer
2024-09-16 08:45:13.197 [info] Added views:workbench.debug.welcome in workbench.view.debug
2024-09-16 08:45:13.640 [info] Added views:pr:github,issues:github in workbench.view.extension.github-pull-requests
2024-09-16 08:45:13.665 [info] Added views:~remote.forwardedPorts in ~remote.forwardedPortsContainer
2024-09-16 08:45:13.842 [info] Added views:workbench.panel.repl.view in workbench.panel.repl
2024-09-16 08:45:41.233 [info] Added views:workbench.views.extensions.installed,workbench.views.extensions.popular,extensions.recommendedList in workbench.view.extensions
2024-09-16 08:45:41.235 [info] Removed views:workbench.views.extensions.popular from workbench.view.extensions
2024-09-16 08:45:41.836 [info] Removed views:extensions.recommendedList,workbench.views.extensions.installed from workbench.view.extensions
2024-09-16 08:45:41.842 [info] Added views:workbench.views.extensions.marketplace in workbench.view.extensions
2024-09-16 08:45:51.652 [info] Added views:workbench.panel.markers.view in workbench.panel.markers
2024-09-16 08:45:51.653 [info] Added views:workbench.panel.output in workbench.panel.output
2024-09-16 08:45:51.653 [info] Added views:terminal in terminal
2024-09-16 08:45:51.653 [info] Added views:outline in workbench.view.explorer
2024-09-16 08:45:51.653 [info] Added views:workbench.scm in workbench.view.scm
2024-09-16 08:45:51.653 [info] Added views:workbench.view.search in workbench.view.search
2024-09-16 08:45:51.653 [info] Added views:timeline in workbench.view.explorer
2024-09-16 08:45:51.653 [info] Added views:workbench.explorer.fileView in workbench.view.explorer
2024-09-16 08:45:52.195 [info] Added views:workbench.debug.variablesView,workbench.debug.watchExpressionsView,workbench.debug.callStackView,workbench.debug.breakPointsView in workbench.view.debug
2024-09-16 08:45:52.241 [info] Added views:workbench.panel.repl.view in workbench.panel.repl
2024-09-16 08:45:52.241 [info] Removed views:workbench.debug.breakPointsView,workbench.debug.callStackView,workbench.debug.watchExpressionsView,workbench.debug.variablesView from workbench.view.debug
2024-09-16 08:45:52.241 [info] Added views:workbench.debug.welcome in workbench.view.debug
2024-09-16 08:45:52.380 [info] Added views:~remote.forwardedPorts in ~remote.forwardedPortsContainer
2024-09-16 08:45:56.004 [info] Added views:pr:github,issues:github in workbench.view.extension.github-pull-requests
2024-09-16 08:52:30.743 [info] Added views:remoteTargets in workbench.view.remote
2024-09-16 08:59:22.456 [info] Added views:workbench.debug.breakPointsView in workbench.view.debug
2024-09-16 08:59:51.053 [info] Removed views:workbench.debug.welcome from workbench.view.debug
2024-09-16 08:59:51.077 [info] Added views:workbench.debug.variablesView,workbench.debug.watchExpressionsView,workbench.debug.callStackView in workbench.view.debug
2024-09-16 09:01:38.208 [info] Added views:workbench.views.extensions.installed,workbench.views.extensions.popular,extensions.recommendedList in workbench.view.extensions
2024-09-16 09:01:38.212 [info] Removed views:workbench.views.extensions.popular from workbench.view.extensions
2024-09-16 09:02:02.042 [info] Removed views:extensions.recommendedList,workbench.views.extensions.installed from workbench.view.extensions
2024-09-16 09:02:02.053 [info] Added views:workbench.views.extensions.marketplace in workbench.view.extensions
2024-09-16 09:02:35.744 [info] Added views:issuesAndMrs in workbench.view.extension.gitlab-workflow
2024-09-16 09:11:46.251 [info] Added views:workbench.panel.markers.view in workbench.panel.markers
2024-09-16 09:11:46.251 [info] Added views:workbench.panel.output in workbench.panel.output
2024-09-16 09:11:46.251 [info] Added views:terminal in terminal
2024-09-16 09:11:46.251 [info] Added views:outline in workbench.view.explorer
2024-09-16 09:11:46.251 [info] Added views:workbench.scm in workbench.view.scm
2024-09-16 09:11:46.251 [info] Added views:workbench.view.search in workbench.view.search
2024-09-16 09:11:46.251 [info] Added views:timeline in workbench.view.explorer
2024-09-16 09:11:46.251 [info] Added views:workbench.explorer.fileView in workbench.view.explorer
2024-09-16 09:11:46.434 [info] Added views:workbench.debug.variablesView,workbench.debug.watchExpressionsView,workbench.debug.callStackView,workbench.debug.breakPointsView in workbench.view.debug
2024-09-16 09:11:46.867 [info] Added views:pr:github,issues:github in workbench.view.extension.github-pull-requests
2024-09-16 09:11:46.868 [info] Added views:issuesAndMrs in workbench.view.extension.gitlab-workflow
2024-09-16 09:11:46.868 [info] Added views:remoteTargets in workbench.view.remote
2024-09-16 09:11:46.970 [info] Added views:workbench.panel.repl.view in workbench.panel.repl
2024-09-16 09:11:47.353 [info] Added views:~remote.forwardedPorts in ~remote.forwardedPortsContainer
2024-09-16 09:11:52.242 [info] Added views:workbench.scm.history in workbench.view.scm
2024-09-16 09:11:52.307 [info] Removed views:issues:github,pr:github from workbench.view.extension.github-pull-requests
2024-09-16 09:11:52.307 [info] Added views:github:login in workbench.view.extension.github-pull-requests
2024-09-16 09:11:52.342 [info] Added views:github:activePullRequest:welcome in workbench.view.extension.github-pull-request
2024-09-16 09:11:53.011 [info] Removed views:github:activePullRequest:welcome from workbench.view.extension.github-pull-request
2024-09-16 09:11:53.025 [info] Added views:currentBranchInfo in workbench.view.extension.gitlab-workflow
