2024-09-16 08:45:14.112 [warning] /home/user/.ssh/config: ENOENT: no such file or directory, open '/home/user/.ssh/config'
2024-09-16 08:45:14.112 [info] Activation> Extension version: 0.96.0
2024-09-16 08:45:14.136 [info] TemporaryState> Error in initialization: Unable to delete nonexistent file 'vscode-userdata:/home/user/.config/Code/User/globalStorage/github.vscode-pull-request-github/temp'
2024-09-16 08:45:14.150 [info] Looking for git repository
2024-09-16 08:45:14.150 [info] Found 0 repositories during activation
2024-09-16 08:45:14.150 [info] Git repository found, initializing review manager and pr tree view.
2024-09-16 08:45:56.165 [warning] /home/user/.ssh/config: ENOENT: no such file or directory, open '/home/user/.ssh/config'
2024-09-16 08:45:56.165 [info] Activation> Extension version: 0.96.0
2024-09-16 08:45:56.197 [info] Looking for git repository
2024-09-16 08:45:56.197 [info] Found 0 repositories during activation
2024-09-16 08:45:56.197 [info] Git repository found, initializing review manager and pr tree view.
2024-09-16 09:11:47.886 [warning] /home/user/.ssh/config: ENOENT: no such file or directory, open '/home/user/.ssh/config'
2024-09-16 09:11:47.886 [info] Activation> Extension version: 0.96.0
2024-09-16 09:11:48.039 [info] Looking for git repository
2024-09-16 09:11:48.039 [info] Found 0 repositories during activation
2024-09-16 09:11:48.039 [info] Git repository found, initializing review manager and pr tree view.
2024-09-16 09:11:48.040 [info] Registering git provider
2024-09-16 09:11:48.081 [info] Git initialization state changed: state=initialized
2024-09-16 09:11:52.238 [info] Repository file:///home/user has been opened
2024-09-16 09:11:52.238 [info] Review+0> Validate state in progress
2024-09-16 09:11:52.238 [info] Review+0> Validating state...
2024-09-16 09:11:52.239 [warning] No remotes found. The following remotes are missing: origin, upstream
2024-09-16 09:11:52.239 [info] No GitHub remotes found for folder /home/user
2024-09-16 09:11:52.240 [info] Trying to use globalState for assignableUsers.
2024-09-16 09:11:52.307 [info] Review+0> Queuing additional validate state
2024-09-16 09:11:52.307 [info] Repo state for file:///home/user changed.
2024-09-16 09:11:52.307 [info] Repo file:///home/user has already been setup.
2024-09-16 09:11:52.561 [info] GlobalState does not exist for assignableUsers.
2024-09-16 09:11:53.013 [info] Review+0> Validating state...
2024-09-16 09:11:53.013 [warning] No remotes found. The following remotes are missing: origin, upstream
2024-09-16 09:11:53.013 [info] No GitHub remotes found for folder /home/user
2024-09-16 09:11:53.013 [info] Using in-memory cached assignable users.
2024-09-16 09:11:53.025 [info] Review+0> No matching pull request metadata found locally for current branch main
2024-09-16 09:11:53.032 [info] Review+0> No matching pull request metadata found on GitHub for current branch main
