2024-09-16 08:45:14.112 [info] Reading sessions from keychain...
2024-09-16 08:45:14.112 [info] Getting sessions for all scopes...
2024-09-16 08:45:14.112 [info] Getting sessions for all scopes...
2024-09-16 08:45:14.112 [info] Got 0 sessions for ...
2024-09-16 08:45:14.112 [info] Got 0 sessions for ...
2024-09-16 08:45:14.137 [info] Getting sessions for project,read:org,read:user,repo,user:email,workflow...
2024-09-16 08:45:14.137 [info] Got 0 sessions for project,read:org,read:user,repo,user:email,workflow...
2024-09-16 08:45:14.140 [info] Getting sessions for read:user,repo,user:email,workflow...
2024-09-16 08:45:14.140 [info] Got 0 sessions for read:user,repo,user:email,workflow...
2024-09-16 08:45:14.140 [info] Getting sessions for read:user,repo,user:email...
2024-09-16 08:45:14.141 [info] Got 0 sessions for read:user,repo,user:email...
2024-09-16 08:45:14.142 [info] Getting sessions for read:user,repo,user:email,workflow...
2024-09-16 08:45:14.142 [info] Got 0 sessions for read:user,repo,user:email,workflow...
2024-09-16 08:45:56.139 [info] Reading sessions from keychain...
2024-09-16 08:45:56.139 [info] Getting sessions for all scopes...
2024-09-16 08:45:56.139 [info] Getting sessions for all scopes...
2024-09-16 08:45:56.139 [info] Got 0 sessions for ...
2024-09-16 08:45:56.139 [info] Got 0 sessions for ...
2024-09-16 08:45:56.166 [info] Getting sessions for project,read:org,read:user,repo,user:email,workflow...
2024-09-16 08:45:56.166 [info] Got 0 sessions for project,read:org,read:user,repo,user:email,workflow...
2024-09-16 08:45:56.187 [info] Getting sessions for read:user,repo,user:email,workflow...
2024-09-16 08:45:56.187 [info] Got 0 sessions for read:user,repo,user:email,workflow...
2024-09-16 08:45:56.188 [info] Getting sessions for read:user,repo,user:email...
2024-09-16 08:45:56.188 [info] Got 0 sessions for read:user,repo,user:email...
2024-09-16 08:45:56.189 [info] Getting sessions for read:user,repo,user:email,workflow...
2024-09-16 08:45:56.189 [info] Got 0 sessions for read:user,repo,user:email,workflow...
2024-09-16 08:52:38.635 [info] Getting sessions for read:org,user:email...
2024-09-16 08:52:38.635 [info] Got 0 sessions for read:org,user:email...
2024-09-16 08:52:38.639 [info] Getting sessions for read:org,user:email...
2024-09-16 08:52:38.639 [info] Got 0 sessions for read:org,user:email...
2024-09-16 08:52:40.089 [info] Logging in with 'any' account...
2024-09-16 08:52:40.089 [info] Logging in for the following scopes: read:org user:email
2024-09-16 08:52:40.092 [info] Trying without local server... (read:org user:email)
2024-09-16 08:57:40.098 [error] Timed out
2024-09-16 09:11:45.447 [error] Canceled
2024-09-16 09:11:45.449 [error] Canceled
2024-09-16 09:11:45.453 [error] Error: No auth flow succeeded.
	at a.GitHubServer.login (/snap/code/169/usr/share/code/resources/app/extensions/github-authentication/dist/extension.js:1:228759)
	at process.processTicksAndRejections (node:internal/process/task_queues:95:5)
	at async a.GitHubAuthenticationProvider.createSession (/snap/code/169/usr/share/code/resources/app/extensions/github-authentication/dist/extension.js:1:224482)
	at async c.$createSession (/snap/code/169/usr/share/code/resources/app/out/vs/workbench/api/node/extensionHostProcess.js:159:61013)
2024-09-16 09:11:47.884 [info] Reading sessions from keychain...
2024-09-16 09:11:47.885 [info] Getting sessions for all scopes...
2024-09-16 09:11:47.885 [info] Getting sessions for all scopes...
2024-09-16 09:11:47.885 [info] Got 0 sessions for ...
2024-09-16 09:11:47.885 [info] Got 0 sessions for ...
2024-09-16 09:11:47.933 [info] Getting sessions for project,read:org,read:user,repo,user:email,workflow...
2024-09-16 09:11:47.933 [info] Got 0 sessions for project,read:org,read:user,repo,user:email,workflow...
2024-09-16 09:11:48.008 [info] Getting sessions for read:user,repo,user:email,workflow...
2024-09-16 09:11:48.008 [info] Got 0 sessions for read:user,repo,user:email,workflow...
2024-09-16 09:11:48.016 [info] Getting sessions for read:user,repo,user:email...
2024-09-16 09:11:48.016 [info] Got 0 sessions for read:user,repo,user:email...
2024-09-16 09:11:48.030 [info] Getting sessions for read:user,repo,user:email,workflow...
2024-09-16 09:11:48.031 [info] Got 0 sessions for read:user,repo,user:email,workflow...
